16.03.2019 16:34:02: INFO Служба обмена запущена. День месяца выгрузки: 1.
16.03.2019 16:34:02: INFO Проверка необходимости выгрузки..
16.03.2019 16:34:02: INFO Начало выгрузки..
16.03.2019 16:34:02: ERROR mscorlib,    в System.IO.__Error.WinIOError(Int32 errorCode, String maybeFullPath)
   в System.IO.FileStream.Init(String path, FileMode mode, FileAccess access, Int32 rights, Boolean useRights, FileShare share, Int32 bufferSize, FileOptions options, SECURITY_ATTRIBUTES secAttrs, String msgPath, Boolean bFromProxy, Boolean useLongPath, Boolean checkHost)
   в System.IO.FileStream..ctor(String path, FileMode mode, FileAccess access, FileShare share, Int32 bufferSize, FileOptions options, String msgPath, Boolean bFromProxy)
   в System.IO.FileStream..ctor(String path, FileMode mode, FileAccess access, FileShare share, Int32 bufferSize, Boolean useAsync)
   в System.Xml.XmlWriterSettings.CreateWriter(String outputFileName)
   в System.Xml.XmlWriter.Create(String outputFileName, XmlWriterSettings settings)
   в System.Xml.Linq.XDocument.Save(String fileName, SaveOptions options)
   в System.Xml.Linq.XDocument.Save(String fileName)
   в DomainModel.Logic.ExchangeManager.UnloadToPeriod(DateTime begin, DateTime end) в C:\Доработки\EDIHelper\DomainModel\Logic\ExchangeManager.cs:строка 146
   в DomainModel.Logic.ExchangeManager.UnloadOnDate(DateTime date, DateTime beginPeriod, DateTime endPeriod) в C:\Доработки\EDIHelper\DomainModel\Logic\ExchangeManager.cs:строка 164
   в DomainModel.Logic.ExchangeManager.UnloadForLastMonthOnDate(DateTime date) в C:\Доработки\EDIHelper\DomainModel\Logic\ExchangeManager.cs:строка 177
   в FTPTransporter.ExchangeService.CheckAndUnload() в C:\Доработки\EDIHelper\FTPTransportService\ExchangeService.cs:строка 85: Не удалось найти часть пути "C:\Ftp helper\Exchange\Report.xml".. Ошибка при выгрузке..
16.03.2019 16:34:02: INFO Проверка завершена..
16.03.2019 16:48:11: INFO Служба обмена остановлена..
16.03.2019 16:48:48: INFO Служба обмена запущена. День месяца выгрузки: 1.
16.03.2019 16:48:48: INFO Проверка необходимости выгрузки..
16.03.2019 16:48:48: INFO Начало выгрузки..
16.03.2019 16:48:48: INFO Выгрузка закончена..
16.03.2019 16:48:48: INFO Проверка завершена..
