02.10.2018 11:07:28: ERROR Unloading error: mscorlib: Не удалось найти часть пути "C:\Ftp helper\Exchange\Report.xml".,    в System.IO.__Error.WinIOError(Int32 errorCode, String maybeFullPath)
   в System.IO.FileStream.Init(String path, FileMode mode, FileAccess access, Int32 rights, Boolean useRights, FileShare share, Int32 bufferSize, FileOptions options, SECURITY_ATTRIBUTES secAttrs, String msgPath, Boolean bFromProxy, Boolean useLongPath, Boolean checkHost)
   в System.IO.FileStream..ctor(String path, FileMode mode, FileAccess access, FileShare share, Int32 bufferSize, FileOptions options, String msgPath, Boolean bFromProxy)
   в System.IO.FileStream..ctor(String path, FileMode mode, FileAccess access, FileShare share, Int32 bufferSize, Boolean useAsync)
   в System.Xml.XmlWriterSettings.CreateWriter(String outputFileName)
   в System.Xml.Linq.XDocument.Save(String fileName, SaveOptions options)
   в DomainModel.Logic.ExchangeManager.UnloadToPeriod(DateTime begin, DateTime end) в C:\Доработки\EDIHelper\DomainModel\Logic\ExchangeManager.cs:строка 143
   в FTPGui.PresentationLayer.ExchangeForm.UnloadBtn_Click(Object sender, EventArgs e) в C:\Доработки\EDIHelper\FTPGUI\PresentationLayer\ExchangeForm.cs:строка 58.
02.10.2018 17:05:34: INFO Checking download file.
02.10.2018 17:05:34: INFO Download file found.
02.10.2018 17:05:34: INFO Downloading clients.
02.10.2018 17:05:40: INFO Downloading suppliers.
02.10.2018 17:05:42: INFO Downloading trade objects.
29.10.2018 23:15:14: ERROR Unloading error: mscorlib: Нулевой объект должен иметь значение.,    в System.ThrowHelper.ThrowInvalidOperationException(ExceptionResource resource)
   в System.Nullable`1.get_Value()
   в DomainModel.Logic.XML.XMLConverter.GetXmlWaybills(List`1 waybillList) в C:\Доработки\EDIHelper\DomainModel\Logic\XML\XMLConverter.cs:строка 393
   в DomainModel.Logic.XML.XMLConverter.GetXmlAllToPeriod(DateTime beginDate, DateTime endDate) в C:\Доработки\EDIHelper\DomainModel\Logic\XML\XMLConverter.cs:строка 264
   в DomainModel.Logic.ExchangeManager.UnloadToPeriod(DateTime begin, DateTime end) в C:\Доработки\EDIHelper\DomainModel\Logic\ExchangeManager.cs:строка 143
   в FTPGui.PresentationLayer.ExchangeForm.UnloadBtn_Click(Object sender, EventArgs e) в C:\Доработки\EDIHelper\FTPGUI\PresentationLayer\ExchangeForm.cs:строка 58.
29.10.2018 23:35:25: INFO Торговый объект с ID: 3 не найден..
29.10.2018 23:35:26: INFO Торговый объект с ID: 3 не найден..
29.10.2018 23:35:26: INFO Торговый объект с ID: 3 не найден..
29.10.2018 23:35:26: INFO Торговый объект с ID: 3 не найден..
29.10.2018 23:35:26: INFO Торговый объект с ID: 3 не найден..
29.10.2018 23:35:26: INFO Торговый объект с ID: 3 не найден..
29.10.2018 23:38:06: INFO Торговый объект с ID: 3 не найден..
29.10.2018 23:38:06: INFO Торговый объект с ID: 3 не найден..
29.10.2018 23:38:06: INFO Торговый объект с ID: 3 не найден..
29.10.2018 23:38:06: INFO Торговый объект с ID: 3 не найден..
29.10.2018 23:38:06: INFO Торговый объект с ID: 3 не найден..
29.10.2018 23:38:06: INFO Торговый объект с ID: 3 не найден..
29.10.2018 23:40:02: INFO Торговый объект с ID: 3 не найден..
29.10.2018 23:40:02: INFO Торговый объект с ID: 3 не найден..
29.10.2018 23:40:02: INFO Торговый объект с ID: 3 не найден..
29.10.2018 23:40:02: INFO Торговый объект с ID: 3 не найден..
29.10.2018 23:40:02: INFO Торговый объект с ID: 3 не найден..
29.10.2018 23:40:02: INFO Торговый объект с ID: 3 не найден..
29.10.2018 23:40:57: INFO Торговый объект с ID: 3 не найден..
29.10.2018 23:40:57: INFO Торговый объект с ID: 3 не найден..
29.10.2018 23:40:57: INFO Торговый объект с ID: 3 не найден..
29.10.2018 23:40:57: INFO Торговый объект с ID: 3 не найден..
29.10.2018 23:40:57: INFO Торговый объект с ID: 3 не найден..
29.10.2018 23:40:57: INFO Торговый объект с ID: 3 не найден..
29.10.2018 23:43:46: INFO Торговый объект с ID: 3 не найден..
29.10.2018 23:46:18: INFO Checking download file.
29.10.2018 23:46:18: INFO Download file not found.
03.01.2019 16:56:15: INFO Checking download file.
03.01.2019 16:56:15: INFO Download file found.
03.01.2019 16:56:15: INFO Downloading clients.
03.01.2019 16:56:15: INFO Downloading suppliers.
03.01.2019 16:56:15: INFO Downloading trade objects.
03.01.2019 16:58:54: INFO Checking download file.
03.01.2019 16:58:54: INFO Download file found.
03.01.2019 16:58:54: INFO Downloading clients.
03.01.2019 16:58:54: INFO Downloading suppliers.
03.01.2019 16:58:54: INFO Downloading trade objects.
03.01.2019 16:59:38: INFO Торговый объект с ID: 3 не найден..
03.01.2019 16:59:38: INFO Торговый объект с ID: 3 не найден..
03.01.2019 16:59:38: INFO Торговый объект с ID: 3 не найден..
03.01.2019 16:59:38: INFO Торговый объект с ID: 3 не найден..
03.01.2019 16:59:38: INFO Торговый объект с ID: 3 не найден..
03.01.2019 16:59:38: INFO Торговый объект с ID: 3 не найден..
03.01.2019 17:01:56: INFO Торговый объект с ID: 3 не найден..
03.01.2019 17:01:56: INFO Торговый объект с ID: 3 не найден..
03.01.2019 17:01:56: INFO Торговый объект с ID: 3 не найден..
03.01.2019 17:01:56: INFO Торговый объект с ID: 3 не найден..
03.01.2019 17:01:56: INFO Торговый объект с ID: 3 не найден..
03.01.2019 17:01:56: INFO Торговый объект с ID: 3 не найден..
